<?xml version="1.0" encoding="UTF-8"?>

<mule xmlns:spring="http://www.springframework.org/schema/beans" xmlns:sfdc="http://www.mulesoft.org/schema/mule/sfdc"
	xmlns:siebel="http://www.mulesoft.org/schema/mule/siebel"
	xmlns="http://www.mulesoft.org/schema/mule/core"
	xmlns:doc="http://www.mulesoft.org/schema/mule/documentation"
	version="EE-3.6.2"
	xmlns:xsi="http://www.w3.org/2001/XMLSchema-instance"
	xsi:schemaLocation="http://www.mulesoft.org/schema/mule/core http://www.mulesoft.org/schema/mule/core/current/mule.xsd
http://www.mulesoft.org/schema/mule/sfdc http://www.mulesoft.org/schema/mule/sfdc/current/mule-sfdc.xsd
http://www.mulesoft.org/schema/mule/siebel http://www.mulesoft.org/schema/mule/siebel/current/mule-siebel.xsd
http://www.springframework.org/schema/beans http://www.springframework.org/schema/beans/spring-beans-current.xsd">

	<sub-flow name="createOrderInSalesforceFlow" >
        <sfdc:create-single config-ref="Salesforce" type="Order" doc:name="Insert Order in Salesforce">
            <sfdc:object ref="#[payload]"/>
        </sfdc:create-single>

		<logger message="created order #[payload]"
			level="INFO" doc:name="Logger" />
	</sub-flow>
    <sub-flow name="createOrderItemInSalesforceFlow" >
        <sfdc:create-single config-ref="Salesforce" type="OrderItem" doc:name="Insert Salesforce Order Item"/>
        <logger message="created order item #[payload]" level="INFO" doc:name="Logger"/>
    </sub-flow>
	<sub-flow name="createOrderInSiebelFlow" >
		<siebel:create-business-component
			config-ref="OracleSiebelBusinessObjects" businessObjectComponentType="Order Entry (Sales).Order Entry - Orders"
			doc:name="Create Order in Siebel">
			<siebel:business-component-fields
				ref="#[payload]" />
		</siebel:create-business-component>
		<logger message="created order #[payload]"
			level="INFO" doc:name="Logger" />
	</sub-flow>
    <sub-flow name="createOrderItemInSiebelFlow" >
        <siebel:create-business-component config-ref="OracleSiebelBusinessObjects" businessObjectComponentType="MACD Performance Order.MACD Order Entry - Line Items" doc:name="Oracle Siebel Business Object">
            <siebel:business-component-fields ref="#[payload]"/>
        </siebel:create-business-component>
        <logger message="created order item #[payload]" level="INFO" doc:name="Logger"/>
    </sub-flow>
	<sub-flow name="queryOrderInSalesforceFlow" >
        <sfdc:query-single config-ref="Salesforce" query="Select o.Account.Name, o.AccountId, o.TotalAmount, o.OrderNumber, o.Name, o.LastModifiedDate, o.LastModifiedById, o.Id, o.Description, (Select Id, OrderId, PricebookEntryId, Quantity, UnitPrice, Description, OrderItemNumber From OrderItems) From Order o where o.SiebelOrder__c = '#[payload['Id']]'" doc:name="Query Salesforce Order"/>

		<logger message="salesforce order #[payload]"
			level="INFO" doc:name="Logger" />
	</sub-flow>
	<sub-flow name="queryOrderInSiebelFlow" >
        <siebel:query-business-components config-ref="OracleSiebelBusinessObjects" businessObjectComponentType="Order Entry (Sales).Order Entry - Orders" searchExpression="[Order Number] = '#[payload['OrderNumber']]'" doc:name="Query Siebel Order">
            <siebel:fields-to-retrieve>
                <siebel:fields-to-retrieve>Id</siebel:fields-to-retrieve>
                <siebel:fields-to-retrieve>Updated</siebel:fields-to-retrieve>
                <siebel:fields-to-retrieve>Updated By</siebel:fields-to-retrieve>
                <siebel:fields-to-retrieve>Account</siebel:fields-to-retrieve>
            </siebel:fields-to-retrieve>
        </siebel:query-business-components>

		<logger message="siebel order #[payload]"
			level="INFO" doc:name="Logger" />
	</sub-flow>
    <sub-flow name="queryOrderItemInSiebelFlow" >
        <siebel:query-business-components config-ref="OracleSiebelBusinessObjects" businessObjectComponentType="Order Entry (Sales).Order Entry - Line Items" searchExpression="[Order Header Id] = '#[payload['Id']]'" doc:name="Query Order items in Siebel">
            <siebel:fields-to-retrieve>
                <siebel:fields-to-retrieve>Id</siebel:fields-to-retrieve>
            </siebel:fields-to-retrieve>
        </siebel:query-business-components>
        <logger message="siebel order items #[payload]" level="INFO" doc:name="Logger"/>
    </sub-flow>

	<sub-flow name="deleteOrderInSalesforceFlow" >
		<sfdc:delete config-ref="Salesforce" 
			doc:name="Delete Order in Salesforce">

		</sfdc:delete>
		<logger level="INFO"
			message="deleted result #[payload]" doc:name="Logger" />
	</sub-flow>
	<sub-flow name="deleteOrderInSiebelFlow" >
        <siebel:delete-business-component config-ref="OracleSiebelBusinessObjects" businessComponentId="#[payload]" businessObjectComponentType="Order Entry (Sales).Order Entry - Orders" doc:name="Delete Order in Siebel"/>
        <logger message="deleted result #[payload]" level="INFO" doc:name="Logger"/>

	</sub-flow>
    <sub-flow name="queryOrderInSalesforceFlowById" >
        <sfdc:query-single config-ref="Salesforce" query="Select o.Account.Name, o.AccountId, o.TotalAmount, o.OrderNumber, o.Name, o.LastModifiedDate, o.LastModifiedById, o.Id, o.Description, (Select Id, OrderId, PricebookEntryId, Quantity, UnitPrice, Description, OrderItemNumber From OrderItems) From Order o where o.Id = '#[payload['Id']]'" doc:name="Query Salesforce Order by id"/>
        <logger message="salesforce order #[payload]" level="INFO" doc:name="Logger"/>
    </sub-flow>


</mule>