<?xml version="1.0" encoding="UTF-8"?>

<mule xmlns:sfdc="http://www.mulesoft.org/schema/mule/sfdc"
	xmlns:siebel="http://www.mulesoft.org/schema/mule/siebel" 
	xmlns:json="http://www.mulesoft.org/schema/mule/json" xmlns="http://www.mulesoft.org/schema/mule/core"
	xmlns:doc="http://www.mulesoft.org/schema/mule/documentation"
	xmlns:spring="http://www.springframework.org/schema/beans" version="EE-3.5.1"
	xmlns:xsi="http://www.w3.org/2001/XMLSchema-instance"
	xsi:schemaLocation="http://www.springframework.org/schema/beans http://www.springframework.org/schema/beans/spring-beans-current.xsd
http://www.mulesoft.org/schema/mule/core http://www.mulesoft.org/schema/mule/core/current/mule.xsd
http://www.mulesoft.org/schema/mule/sfdc http://www.mulesoft.org/schema/mule/sfdc/current/mule-sfdc.xsd
http://www.mulesoft.org/schema/mule/siebel http://www.mulesoft.org/schema/mule/siebel/current/mule-siebel.xsd
http://www.mulesoft.org/schema/mule/json http://www.mulesoft.org/schema/mule/json/current/mule-json.xsd">

	<sfdc:config name="TestSalesforce" username="${test.sfdc.username}"
		password="${test.sfdc.password}" securityToken="${test.sfdc.securityToken}"
		url="${test.sfdc.url}" doc:name="Salesforce"
		doc:description="One of your SalesForce instances, order does not matter.">
		<sfdc:connection-pooling-profile
			initialisationPolicy="INITIALISE_ONE" exhaustedAction="WHEN_EXHAUSTED_GROW" />
	</sfdc:config>

	<siebel:config name="TestSiebel" user="${test.sieb.user}"
		password="${test.sieb.password}" server="${test.sieb.server}" serverName="${test.sieb.serverName}"
		objectManager="${test.sieb.objectManager}" doc:name="Oracle Siebel Business Objects"
		doc:description="Destination Oracle Siebel Business Objects instance. This is the destination organization, where accounts will be migrated to."
		port="${test.sieb.port}">
		<siebel:connection-pooling-profile
			initialisationPolicy="INITIALISE_ONE" exhaustedAction="WHEN_EXHAUSTED_GROW" />
	</siebel:config>

	<sub-flow name="createOrderInSalesforceFlow" doc:name="createOrderInSalesforceFlow">
        <sfdc:create-single config-ref="Salesforce" type="Order" doc:name="insert Order in Salesforce">
            <sfdc:object ref="#[payload]"/>
        </sfdc:create-single>

		<logger message="created order #[payload]"
			level="INFO" doc:name="Logger" />
	</sub-flow>
    <sub-flow name="createOrderItemInSalesforceFlow" doc:name="createOrderItemInSalesforceFlow">
        <sfdc:create-single config-ref="Salesforce" type="OrderItem" doc:name="insert Salesforce Order Item"/>
        <logger message="created order #[payload]" level="INFO" doc:name="Logger"/>
    </sub-flow>
	<sub-flow name="createOrderInSiebelFlow" doc:name="createOrderInSiebelFlow">
		<siebel:create-business-component
			config-ref="TestSiebel" businessObjectComponentType="Contact.Contact"
			doc:name="create Order in Siebel">
			<siebel:business-component-fields
				ref="#[payload]" />
		</siebel:create-business-component>
		<logger message="created order #[payload]"
			level="INFO" doc:name="Logger" />
	</sub-flow>
    <sub-flow name="createOrderItemInSiebelFlow" doc:name="createOrderItemInSiebelFlow">
        <siebel:create-business-component config-ref="OracleSiebelBusinessObjects" businessObjectComponentType="MACD Performance Order.MACD Order Entry - Line Items" doc:name="Oracle Siebel Business Object">
            <siebel:business-component-fields ref="#[payload]"/>
        </siebel:create-business-component>
        <logger message="created order #[payload]" level="INFO" doc:name="Logger"/>
    </sub-flow>
	<sub-flow name="queryOrderInSalesforceFlow" doc:name="queryOrderInSalesforceFlow">
        <sfdc:query-single config-ref="Salesforce" query="Select o.Account.Name, o.AccountId, o.TotalAmount, o.OrderNumber, o.Name, o.LastModifiedDate, o.LastModifiedById, o.Id, o.Description, (Select Id, OrderId, PricebookEntryId, Quantity, UnitPrice, Description, OrderItemNumber From OrderItems) From Order o where o.SiebelOrder__c = '#[payload['Id']]'" doc:name="query Salesforce Order"/>

		<logger message="salesforce order #[payload]"
			level="INFO" doc:name="Logger" />
	</sub-flow>
	<sub-flow name="queryOrderInSiebelFlow" doc:name="queryOrderInSiebelFlow">
        <siebel:query-business-components config-ref="OracleSiebelBusinessObjects" businessObjectComponentType="Order Entry (Sales).Order Entry - Orders" searchExpression="[Order Number] = '#[payload['OrderNumber']]'" doc:name="query Siebel Order">
            <siebel:fields-to-retrieve>
                <siebel:fields-to-retrieve>Id</siebel:fields-to-retrieve>
                <siebel:fields-to-retrieve>Updated</siebel:fields-to-retrieve>
                <siebel:fields-to-retrieve>Updated By</siebel:fields-to-retrieve>
                <siebel:fields-to-retrieve>Account</siebel:fields-to-retrieve>
            </siebel:fields-to-retrieve>
        </siebel:query-business-components>

		<logger message="siebel order #[payload]"
			level="INFO" doc:name="Logger" />
	</sub-flow>
    <sub-flow name="queryOrderItemInSiebelFlow" doc:name="queryOrderItemInSiebelFlow">
        <siebel:query-business-components config-ref="OracleSiebelBusinessObjects" businessObjectComponentType="MACD Performance Order.MACD Order Entry - Line Items" searchExpression="[Order Header Id] = '#[payload['Id']]'" doc:name="query Order items in Siebel">
            <siebel:fields-to-retrieve>
                <siebel:fields-to-retrieve>Id</siebel:fields-to-retrieve>
            </siebel:fields-to-retrieve>
        </siebel:query-business-components>
        <logger message="siebel order items #[payload]" level="INFO" doc:name="Logger"/>
    </sub-flow>

	<sub-flow name="deleteOrderInSalesforceFlow" doc:name="deleteOrderInSalesforceFlow">
		<sfdc:delete config-ref="TestSalesforce" 
			doc:name="delete Order in Salesforce">

		</sfdc:delete>
		<logger level="INFO"
			message="deleted result #[payload]" doc:name="Logger" />
	</sub-flow>
	<sub-flow name="deleteOrderInSiebelFlow" doc:name="deleteOrderInSiebelFlow">
		<siebel:delete-business-component
			config-ref="TestSiebel" businessObjectComponentType="Order Entry (Sales).Order Entry - Orders"
			doc:name="delete Order in Siebel" businessComponentId="#[payload['Id']]">

		</siebel:delete-business-component>
		<logger level="INFO" message="deleted result #[payload]"
			doc:name="Logger" />
	</sub-flow>


</mule>